[0/1] Planning build
Building for debugging...
[0/3] Write swift-version-39B54973F684ADAB.txt
Build of product 'KlabowWorld' complete! (3.09s)
[ INFO ] Loaded 10 posts
[ INFO ] Found 10 unique tags
[ INFO ] Loaded 2 apps
[ NOTICE ] Server started on http://127.0.0.1:8080
[ INFO ] GET / [request-id: 0CAF7094-17C0-489F-81CD-F9A67464FD8F]
[ INFO ] Processing home page request [request-id: 0CAF7094-17C0-489F-81CD-F9A67464FD8F]
[ INFO ] Rendering home page [request-id: 0CAF7094-17C0-489F-81CD-F9A67464FD8F]
[ INFO ] GET / [request-id: DCD996FF-C538-455E-A7A9-CD8C58933C87]
[ INFO ] Processing home page request [request-id: DCD996FF-C538-455E-A7A9-CD8C58933C87]
[ INFO ] Rendering home page [request-id: DCD996FF-C538-455E-A7A9-CD8C58933C87]
[ INFO ] GET / [request-id: 95C63C01-2C21-4F3C-88B1-F87275B1F723]
[ INFO ] Processing home page request [request-id: 95C63C01-2C21-4F3C-88B1-F87275B1F723]
[ INFO ] Rendering home page [request-id: 95C63C01-2C21-4F3C-88B1-F87275B1F723]
[ INFO ] GET /uploads/vicechips-icon.png [request-id: 20A26AD2-7E23-4CDE-BEB9-C8C353AC86B2]
[ INFO ] GET /apps/vicechips [request-id: 6DC995CF-D450-49F0-B9E2-39266D9F36BA]
[ INFO ] GET /apps/vicechips [request-id: 90EBD871-F7B2-492E-980B-02CEF2E6D0ED]
[ INFO ] GET /uploads/vicechips-icon.png [request-id: 767A9095-FC4C-46B4-8421-E5D0030F2AF8]
[ INFO ] GET /apps [request-id: BAADB247-E8FA-4A77-9DC0-D322A448DCCB]
[ INFO ] GET /apps/test [request-id: 0CBDA4CC-DD08-4EC2-AFF4-7A5EA5AF614B]
[ INFO ] GET / [request-id: 861C8E23-CEDC-4CF4-B0B2-24C187EF8F1C]
[ INFO ] Processing home page request [request-id: 861C8E23-CEDC-4CF4-B0B2-24C187EF8F1C]
[ INFO ] Rendering home page [request-id: 861C8E23-CEDC-4CF4-B0B2-24C187EF8F1C]
[ INFO ] GET / [request-id: 1887D104-01BA-41FB-8F9E-5305D6E48964]
[ INFO ] Processing home page request [request-id: 1887D104-01BA-41FB-8F9E-5305D6E48964]
[ INFO ] Rendering home page [request-id: 1887D104-01BA-41FB-8F9E-5305D6E48964]
[ INFO ] GET /uploads/FEF15DC7-EBF1-4374-9461-01245989E190.png [request-id: E5C565DE-43CB-40A3-A1F4-E0B261F51DE7]
[ INFO ] GET /uploads/vicechips-icon.png [request-id: D32E75E9-DE60-4AD9-964A-8CAF9C3C181D]
[ INFO ] GET / [request-id: A16EA058-072E-4D89-978E-489B3EB67D5B]
[ INFO ] Processing home page request [request-id: A16EA058-072E-4D89-978E-489B3EB67D5B]
[ INFO ] Rendering home page [request-id: A16EA058-072E-4D89-978E-489B3EB67D5B]
[ INFO ] GET /apps/vicechips [request-id: AAECFA15-998D-4BEF-98B5-9704F1CF2617]

Building for debugging...
[0/3] Write swift-version-39B54973F684ADAB.txt
Build of product 'KlabowWorld' complete! (0.29s)
[ INFO ] Loaded 10 posts
[ INFO ] Found 10 unique tags
[ INFO ] Loaded 2 apps
[ NOTICE ] Server started on http://127.0.0.1:8080
[ INFO ] GET / [request-id: 720883D5-F6C5-4BD7-BF66-B4C22F501758]
[ INFO ] Processing home page request [request-id: 720883D5-F6C5-4BD7-BF66-B4C22F501758]
[ INFO ] Rendering home page [request-id: 720883D5-F6C5-4BD7-BF66-B4C22F501758]
[ INFO ] GET / [request-id: 17690FFF-9101-4FC4-A213-692F13466DFA]
[ INFO ] Processing home page request [request-id: 17690FFF-9101-4FC4-A213-692F13466DFA]
[ INFO ] Rendering home page [request-id: 17690FFF-9101-4FC4-A213-692F13466DFA]
[ INFO ] GET /admin [request-id: 7CB14E17-FD29-4212-8E53-8C50BDBE0FCD]
[ INFO ] GET /admin [request-id: 544F78B1-D871-49C1-A5C3-56A29DB420CD]
[ INFO ] GET /admin/apps [request-id: 34323617-34D1-4DAE-9A8D-3E2CE1F8200A]
[ INFO ] GET /uploads/vicechips-icon.png [request-id: 3A2B6F3B-14AA-4144-8B4F-AAFAC2556223]
[ INFO ] GET /admin/apps/test/edit [request-id: CA8A1BD9-3DDF-4D19-ADE7-401BD2306449]
[ INFO ] POST /admin/upload [request-id: 797EF631-CCE0-4EED-956E-4FC059B25830]
[ INFO ] POST /admin/apps/test/edit [request-id: 0F478813-15B4-4EC8-9CD9-E2B034F6B07E]
[ INFO ] GET /admin/apps [request-id: 786D9FC6-92E2-4DC9-A753-754F9353BF24]
[ INFO ] GET /uploads/9EB66DA3-144B-475A-AC7B-02EBD3451940.png [request-id: 6EC1E524-D5CF-449C-BE5D-248C58E0A14B]
[ INFO ] GET / [request-id: 9A22B541-A1B5-4C75-9117-D0593A8570E1]
[ INFO ] Processing home page request [request-id: 9A22B541-A1B5-4C75-9117-D0593A8570E1]
[ INFO ] Rendering home page [request-id: 9A22B541-A1B5-4C75-9117-D0593A8570E1]
[ INFO ] GET /uploads/9EB66DA3-144B-475A-AC7B-02EBD3451940.png [request-id: BEFE441B-F339-4147-A325-15A43CFC5727]
Building for debugging...
[0/3] Write swift-version-39B54973F684ADAB.txt
Build of product 'KlabowWorld' complete! (0.31s)
[ INFO ] Loaded 10 posts
[ INFO ] Found 10 unique tags
[ INFO ] Loaded 2 apps
[ NOTICE ] Server started on http://127.0.0.1:8080
[ INFO ] GET / [request-id: 28FBA644-E12B-4DD1-A021-E3C6AE8B2250]
[ INFO ] Processing home page request [request-id: 28FBA644-E12B-4DD1-A021-E3C6AE8B2250]
[ INFO ] Rendering home page [request-id: 28FBA644-E12B-4DD1-A021-E3C6AE8B2250]
[ INFO ] GET /uploads/9EB66DA3-144B-475A-AC7B-02EBD3451940.png [request-id: 3E3C7F16-685B-4F0F-BA3A-2570D43CE3FF]
[ INFO ] GET / [request-id: B7C11C9B-FEF8-4210-93C1-9B8A960C2C24]
[ INFO ] Processing home page request [request-id: B7C11C9B-FEF8-4210-93C1-9B8A960C2C24]
[ INFO ] Rendering home page [request-id: B7C11C9B-FEF8-4210-93C1-9B8A960C2C24]
[ INFO ] GET / [request-id: C093EBE1-88A1-4026-A7E6-0A0ED2653C42]
[ INFO ] Processing home page request [request-id: C093EBE1-88A1-4026-A7E6-0A0ED2653C42]
[ INFO ] Rendering home page [request-id: C093EBE1-88A1-4026-A7E6-0A0ED2653C42]
[ INFO ] GET / [request-id: B62702D4-359C-4AB1-A530-7C1D7DF7FD53]
[ INFO ] Processing home page request [request-id: B62702D4-359C-4AB1-A530-7C1D7DF7FD53]
[ INFO ] Rendering home page [request-id: B62702D4-359C-4AB1-A530-7C1D7DF7FD53]
[ INFO ] GET /uploads/vicechips-icon.png [request-id: 32A27E03-8763-48DD-8166-4095434063FB]
[ INFO ] GET /uploads/9EB66DA3-144B-475A-AC7B-02EBD3451940.png [request-id: CE6B8607-CEDB-4031-AB7B-13CFE14B7F0D]
[ INFO ] GET / [request-id: A42E5653-680B-4A80-A9EA-97C580116D62]
[ INFO ] Processing home page request [request-id: A42E5653-680B-4A80-A9EA-97C580116D62]
[ INFO ] Rendering home page [request-id: A42E5653-680B-4A80-A9EA-97C580116D62]
[ INFO ] GET /uploads/9EB66DA3-144B-475A-AC7B-02EBD3451940.png [request-id: FC876978-03B9-4DCE-8600-10AF4CCEB99F]
[ INFO ] GET / [request-id: C7CBA192-AA15-463F-B3F7-39B197477659]
[ INFO ] Processing home page request [request-id: C7CBA192-AA15-463F-B3F7-39B197477659]
[ INFO ] Rendering home page [request-id: C7CBA192-AA15-463F-B3F7-39B197477659]
[ INFO ] GET / [request-id: BFCCADB9-612F-4C1E-A81A-D34132DE0194]
[ INFO ] Processing home page request [request-id: BFCCADB9-612F-4C1E-A81A-D34132DE0194]
[ INFO ] Rendering home page [request-id: BFCCADB9-612F-4C1E-A81A-D34132DE0194]
[ INFO ] GET / [request-id: 3EB2C5A1-84FE-4844-B061-0EAC15110EF4]
[ INFO ] Processing home page request [request-id: 3EB2C5A1-84FE-4844-B061-0EAC15110EF4]
[ INFO ] Rendering home page [request-id: 3EB2C5A1-84FE-4844-B061-0EAC15110EF4]
[ INFO ] GET /uploads/9EB66DA3-144B-475A-AC7B-02EBD3451940.png [request-id: 58BB622F-8DD9-49C9-B8D2-3DE75154003B]
[ INFO ] GET /uploads/vicechips-icon.png [request-id: 1BA1ED4A-8824-40B2-AD72-3FB527B35D0A]
[ INFO ] GET / [request-id: B86043B6-563E-4415-A534-427487C32B19]
[ INFO ] Processing home page request [request-id: B86043B6-563E-4415-A534-427487C32B19]
[ INFO ] Rendering home page [request-id: B86043B6-563E-4415-A534-427487C32B19]
[ INFO ] GET / [request-id: FD4DD035-E093-455C-B889-1DFF7AD66877]
[ INFO ] Processing home page request [request-id: FD4DD035-E093-455C-B889-1DFF7AD66877]
[ INFO ] Rendering home page [request-id: FD4DD035-E093-455C-B889-1DFF7AD66877]
[ INFO ] GET / [request-id: 6EA3F2F3-F892-4EFE-B38E-2ABBEC3A4B89]
[ INFO ] Processing home page request [request-id: 6EA3F2F3-F892-4EFE-B38E-2ABBEC3A4B89]
[ INFO ] Rendering home page [request-id: 6EA3F2F3-F892-4EFE-B38E-2ABBEC3A4B89]
[ INFO ] GET / [request-id: 2C05F9FF-D925-44E1-ADE1-6B34D96A9DC8]
[ INFO ] Processing home page request [request-id: 2C05F9FF-D925-44E1-ADE1-6B34D96A9DC8]
[ INFO ] Rendering home page [request-id: 2C05F9FF-D925-44E1-ADE1-6B34D96A9DC8]
[ INFO ] GET /uploads/9EB66DA3-144B-475A-AC7B-02EBD3451940.png [request-id: B0B02AD9-4A84-44C9-B241-903E15A86663]
[ INFO ] GET /search [request-id: F1A07CA5-257F-400D-8893-319CB4BE2817]
[ INFO ] GET /admin [request-id: 420492FD-97AC-4A66-9B41-57E12819DC7B]
[ INFO ] GET / [request-id: 7229E2B5-A743-428B-8017-8181C469DDF5]
[ INFO ] Processing home page request [request-id: 7229E2B5-A743-428B-8017-8181C469DDF5]
[ INFO ] Rendering home page [request-id: 7229E2B5-A743-428B-8017-8181C469DDF5]
[ INFO ] GET /uploads/9EB66DA3-144B-475A-AC7B-02EBD3451940.png [request-id: C7F20A07-F319-456C-BC69-AD3329183B3F]
[ INFO ] GET /uploads/vicechips-icon.png [request-id: 604D625E-286D-455C-80F6-2892740EB735]
